Arguments: 
  /usr/local/bin/node /opt/homebrew/Cellar/yarn/1.22.11/libexec/bin/yarn.js

PATH: 
  /Library/Frameworks/Python.framework/Versions/3.9/bin:/usr/local/bin:/usr/bin:/bin:/usr/sbin:/sbin:/usr/local/go/bin:/Library/Frameworks/Python.framework/Versions/3.9/bin:/opt/homebrew/bin:/opt/homebrew/sbin:/Users/sunnyradadiya/.cargo/bin:/Users/sunnyradadiya/Library/Python/3.9/bin:/Users/sunnyradadiya/.local/bin:/Users/sunnyradadiya/Library/Python/3.9/bin:/Users/sunnyradadiya/.local/bin:/Users/sunnyradadiya/Library/Python/3.9/bin:/Users/sunnyradadiya/.local/bin

Yarn version: 
  1.22.11

Node version: 
  14.17.5

Platform: 
  darwin x64

Trace: 
  SyntaxError: /Users/sunnyradadiya/Blockchain/EthDubai/HackDubai/package.json: Unexpected token } in JSON at position 1305
      at JSON.parse (<anonymous>)
      at /opt/homebrew/Cellar/yarn/1.22.11/libexec/lib/cli.js:1625:59
      at Generator.next (<anonymous>)
      at step (/opt/homebrew/Cellar/yarn/1.22.11/libexec/lib/cli.js:310:30)
      at /opt/homebrew/Cellar/yarn/1.22.11/libexec/lib/cli.js:321:13

npm manifest: 
  {
    "name": "HackDubai",
    "version": "1.0.0",
    "main": "index.js",
    "repository": "https://github.com/sunnyRK/HackDubai.git",
    "author": "sunnyRK <radadiyasunny970@gmail.com>",
    "license": "MIT",
      "devDependencies": {
        "@eth-optimism/smock": "^1.1.10",
        "@nomiclabs/ethereumjs-vm": "^4.2.2",
        "@nomiclabs/hardhat-ethers": "^2.0.2",
        "@nomiclabs/hardhat-etherscan": "^2.1.7",
        "@nomiclabs/hardhat-waffle": "^2.0.1",
        "@openzeppelin/contracts-upgradeable": "^4.1.0",
        "@openzeppelin/hardhat-upgrades": "^1.10.0",
        "@typechain/ethers-v5": "^8.0.5",
        "@typechain/hardhat": "^3.0.0",
        "@types/chai": "^4.3.0",
        "@types/json-stable-stringify": "^1.0.33",
        "@types/lodash": "^4.14.178",
        "@types/mocha": "^9.0.0",
        "@types/node": "^16.11.12",
        "bignumber.js": "^9.0.1",
        "chai": "^4.3.4",
        "eslint": "^8.9.0",
        "ethereum-waffle": "^3.4.0",
        "ethers": "^5.3.1",
        "ethlint": "^1.2.5",
        "hardhat": "^2.5.0",
        "prettier": "^2.4.1",
        "prettier-plugin-solidity": "^1.0.0-beta.18",
        "solidity-coverage": "^0.7.17",
        "lodash": "^4.17.21",
        "mocha": "^9.1.3",
        "ts-generator": "^0.1.1",
        "ts-node": "^10.4.0",
        "typechain": "^6.0.5",
        "typescript": "^4.5.2",
      },
      "dependencies": {
        "@mcdex/mai3.js": "^0.5.90",
        "colors": "^1.4.0",
        "dotenv": "^10.0.0",
        "node-notifier": "^10.0.0"
      }
  }

yarn manifest: 
  No manifest

Lockfile: 
  No lockfile
